<?xml version="1.0" encoding="UTF-8" ?>
<testsuite tests="3" failures="0" name="com.invoice.test.InvoiceServiceImplTest" time="0.619" errors="3" skipped="0">
  <properties>
[...]
</properties>
  <testcase classname="com.invoice.test.InvoiceServiceImplTest" name="testFindInvoiceByType" time="0.578">
    <error message="could not extract ResultSet" type="org.hibernate.exception.SQLGrammarException">org.hibernate.exception.SQLGrammarException: could not extract ResultSet
	at org.hibernate.exception.internal.SQLStateConversionDelegate.convert(SQLStateConversionDelegate.java:123)
	at org.hibernate.exception.internal.StandardSQLExceptionConverter.convert(StandardSQLExceptionConverter.java:49)
	at org.hibernate.engine.jdbc.spi.SqlExceptionHelper.convert(SqlExceptionHelper.java:126)
	at org.hibernate.engine.jdbc.spi.SqlExceptionHelper.convert(SqlExceptionHelper.java:112)
	at org.hibernate.engine.jdbc.internal.ResultSetReturnImpl.extract(ResultSetReturnImpl.java:89)
	at org.hibernate.loader.Loader.getResultSet(Loader.java:2065)
	at org.hibernate.loader.Loader.executeQueryStatement(Loader.java:1862)
	at org.hibernate.loader.Loader.executeQueryStatement(Loader.java:1838)
	at org.hibernate.loader.Loader.doQuery(Loader.java:909)
	at org.hibernate.loader.Loader.doQueryAndInitializeNonLazyCollections(Loader.java:354)
	at org.hibernate.loader.Loader.doList(Loader.java:2553)
	at org.hibernate.loader.Loader.doList(Loader.java:2539)
	at org.hibernate.loader.Loader.listIgnoreQueryCache(Loader.java:2369)
	at org.hibernate.loader.Loader.list(Loader.java:2364)
	at org.hibernate.loader.hql.QueryLoader.list(QueryLoader.java:496)
	at org.hibernate.hql.internal.ast.QueryTranslatorImpl.list(QueryTranslatorImpl.java:387)
	at org.hibernate.engine.query.spi.HQLQueryPlan.performList(HQLQueryPlan.java:231)
	at org.hibernate.internal.SessionImpl.list(SessionImpl.java:1264)
	at org.hibernate.internal.QueryImpl.list(QueryImpl.java:103)
	at com.invoice.dataaccess.InvoiceDAOImpl.findInvoiceByType(InvoiceDAOImpl.java:67)
	at com.invoice.service.InvoiceServiceImpl.findInvoiceByType(InvoiceServiceImpl.java:42)
	at sun.reflect.NativeMethodAccessorImpl.invoke0(Native Method)
	at sun.reflect.NativeMethodAccessorImpl.invoke(NativeMethodAccessorImpl.java:62)
	at sun.reflect.DelegatingMethodAccessorImpl.invoke(DelegatingMethodAccessorImpl.java:43)
	at java.lang.reflect.Method.invoke(Method.java:498)
	at org.springframework.aop.support.AopUtils.invokeJoinpointUsingReflection(AopUtils.java:333)
	at org.springframework.aop.framework.ReflectiveMethodInvocation.invokeJoinpoint(ReflectiveMethodInvocation.java:190)
	at org.springframework.aop.framework.ReflectiveMethodInvocation.proceed(ReflectiveMethodInvocation.java:157)
	at org.springframework.transaction.interceptor.TransactionInterceptor$1.proceedWithInvocation(TransactionInterceptor.java:99)
	at org.springframework.transaction.interceptor.TransactionAspectSupport.invokeWithinTransaction(TransactionAspectSupport.java:281)
	at org.springframework.transaction.interceptor.TransactionInterceptor.invoke(TransactionInterceptor.java:96)
	at org.springframework.aop.framework.ReflectiveMethodInvocation.proceed(ReflectiveMethodInvocation.java:179)
	at org.springframework.aop.framework.JdkDynamicAopProxy.invoke(JdkDynamicAopProxy.java:213)
	at com.sun.proxy.$Proxy32.findInvoiceByType(Unknown Source)
	at com.invoice.test.InvoiceServiceImplTest.testFindInvoiceByType(InvoiceServiceImplTest.java:53)
	at sun.reflect.NativeMethodAccessorImpl.invoke0(Native Method)
	at sun.reflect.NativeMethodAccessorImpl.invoke(NativeMethodAccessorImpl.java:62)
	at sun.reflect.DelegatingMethodAccessorImpl.invoke(DelegatingMethodAccessorImpl.java:43)
	at java.lang.reflect.Method.invoke(Method.java:498)
	at org.junit.runners.model.FrameworkMethod$1.runReflectiveCall(FrameworkMethod.java:50)
	at org.junit.internal.runners.model.ReflectiveCallable.run(ReflectiveCallable.java:12)
	at org.junit.runners.model.FrameworkMethod.invokeExplosively(FrameworkMethod.java:47)
	at org.junit.internal.runners.statements.InvokeMethod.evaluate(InvokeMethod.java:17)
	at org.springframework.test.context.junit4.statements.RunBeforeTestMethodCallbacks.evaluate(RunBeforeTestMethodCallbacks.java:75)
	at org.springframework.test.context.junit4.statements.RunAfterTestMethodCallbacks.evaluate(RunAfterTestMethodCallbacks.java:86)
	at org.springframework.test.context.junit4.statements.SpringRepeat.evaluate(SpringRepeat.java:84)
	at org.junit.runners.ParentRunner.runLeaf(ParentRunner.java:325)
	at org.springframework.test.context.junit4.SpringJUnit4ClassRunner.runChild(SpringJUnit4ClassRunner.java:252)
	at org.springframework.test.context.junit4.SpringJUnit4ClassRunner.runChild(SpringJUnit4ClassRunner.java:94)
	at org.junit.runners.ParentRunner$3.run(ParentRunner.java:290)
	at org.junit.runners.ParentRunner$1.schedule(ParentRunner.java:71)
	at org.junit.runners.ParentRunner.runChildren(ParentRunner.java:288)
	at org.junit.runners.ParentRunner.access$000(ParentRunner.java:58)
	at org.junit.runners.ParentRunner$2.evaluate(ParentRunner.java:268)
	at org.springframework.test.context.junit4.statements.RunBeforeTestClassCallbacks.evaluate(RunBeforeTestClassCallbacks.java:61)
	at org.springframework.test.context.junit4.statements.RunAfterTestClassCallbacks.evaluate(RunAfterTestClassCallbacks.java:70)
	at org.junit.runners.ParentRunner.run(ParentRunner.java:363)
	at org.springframework.test.context.junit4.SpringJUnit4ClassRunner.run(SpringJUnit4ClassRunner.java:191)
	at org.apache.maven.surefire.junit4.JUnit4Provider.execute(JUnit4Provider.java:252)
	at org.apache.maven.surefire.junit4.JUnit4Provider.executeTestSet(JUnit4Provider.java:141)
	at org.apache.maven.surefire.junit4.JUnit4Provider.invoke(JUnit4Provider.java:112)
	at sun.reflect.NativeMethodAccessorImpl.invoke0(Native Method)
	at sun.reflect.NativeMethodAccessorImpl.invoke(NativeMethodAccessorImpl.java:62)
	at sun.reflect.DelegatingMethodAccessorImpl.invoke(DelegatingMethodAccessorImpl.java:43)
	at java.lang.reflect.Method.invoke(Method.java:498)
	at org.apache.maven.surefire.util.ReflectionUtils.invokeMethodWithArray(ReflectionUtils.java:189)
	at org.apache.maven.surefire.booter.ProviderFactory$ProviderProxy.invoke(ProviderFactory.java:165)
	at org.apache.maven.surefire.booter.ProviderFactory.invokeProvider(ProviderFactory.java:85)
	at org.apache.maven.surefire.booter.ForkedBooter.runSuitesInProcess(ForkedBooter.java:115)
	at org.apache.maven.surefire.booter.ForkedBooter.main(ForkedBooter.java:75)
Caused by: org.postgresql.util.PSQLException: ERROR: relation &quot;invoice&quot; does not exist
  Position: 277
	at org.postgresql.core.v3.QueryExecutorImpl.receiveErrorResponse(QueryExecutorImpl.java:2453)
	at org.postgresql.core.v3.QueryExecutorImpl.processResults(QueryExecutorImpl.java:2153)
	at org.postgresql.core.v3.QueryExecutorImpl.execute(QueryExecutorImpl.java:286)
	at org.postgresql.jdbc.PgStatement.executeInternal(PgStatement.java:432)
	at org.postgresql.jdbc.PgStatement.execute(PgStatement.java:358)
	at org.postgresql.jdbc.PgPreparedStatement.executeWithFlags(PgPreparedStatement.java:171)
	at org.postgresql.jdbc.PgPreparedStatement.executeQuery(PgPreparedStatement.java:119)
	at org.apache.commons.dbcp.DelegatingPreparedStatement.executeQuery(DelegatingPreparedStatement.java:96)
	at org.apache.commons.dbcp.DelegatingPreparedStatement.executeQuery(DelegatingPreparedStatement.java:96)
	at org.hibernate.engine.jdbc.internal.ResultSetReturnImpl.extract(ResultSetReturnImpl.java:80)
	... 65 more
</error>
    <system-out>DEBUG: org.springframework.test.context.junit4.SpringJUnit4ClassRunner - SpringJUnit4ClassRunner constructor called with [class com.invoice.test.InvoiceServiceImplTest]
DEBUG: org.springframework.test.context.BootstrapUtils - Instantiating CacheAwareContextLoaderDelegate from class [org.springframework.test.context.cache.DefaultCacheAwareContextLoaderDelegate]
DEBUG: org.springframework.test.context.BootstrapUtils - Instantiating BootstrapContext using constructor [public org.springframework.test.context.support.DefaultBootstrapContext(java.lang.Class,org.springframework.test.context.CacheAwareContextLoaderDelegate)]
DEBUG: org.springframework.test.context.BootstrapUtils - Instantiating TestContextBootstrapper for test class [com.invoice.test.InvoiceServiceImplTest] from class [org.springframework.test.context.support.DefaultTestContextBootstrapper]
DEBUG: org.springframework.test.context.support.AbstractDelegatingSmartContextLoader - Delegating to GenericXmlContextLoader to process context configuration [ContextConfigurationAttributes@62ee68d8 declaringClass = &apos;com.invoice.test.InvoiceServiceImplTest&apos;, classes = &apos;{}&apos;, locations = &apos;{file:src/main/webapp/WEB-INF/spring/appServlet/servlet-context.xml}&apos;, inheritLocations = true, initializers = &apos;{}&apos;, inheritInitializers = true, name = [null], contextLoaderClass = &apos;org.springframework.test.context.ContextLoader&apos;].
DEBUG: org.springframework.test.context.support.ActiveProfilesUtils - Could not find an &apos;annotation declaring class&apos; for annotation type [org.springframework.test.context.ActiveProfiles] and class [com.invoice.test.InvoiceServiceImplTest]
DEBUG: org.springframework.test.context.support.DefaultTestContextBootstrapper - @TestExecutionListeners is not present for class [com.invoice.test.InvoiceServiceImplTest]: using defaults.
INFO : org.springframework.test.context.support.DefaultTestContextBootstrapper - Loaded default TestExecutionListener class names from location [META-INF/spring.factories]: [org.springframework.test.context.web.ServletTestExecutionListener, org.springframework.test.context.support.DirtiesContextBeforeModesTestExecutionListener, org.springframework.test.context.support.DependencyInjectionTestExecutionListener, org.springframework.test.context.support.DirtiesContextTestExecutionListener, org.springframework.test.context.transaction.TransactionalTestExecutionListener, org.springframework.test.context.jdbc.SqlScriptsTestExecutionListener]
INFO : org.springframework.test.context.support.DefaultTestContextBootstrapper - Using TestExecutionListeners: [org.springframework.test.context.web.ServletTestExecutionListener@dc24521, org.springframework.test.context.support.DirtiesContextBeforeModesTestExecutionListener@10bdf5e5, org.springframework.test.context.support.DependencyInjectionTestExecutionListener@6e1ec318, org.springframework.test.context.support.DirtiesContextTestExecutionListener@7e0b0338, org.springframework.test.context.transaction.TransactionalTestExecutionListener@617faa95, org.springframework.test.context.jdbc.SqlScriptsTestExecutionListener@1e127982]
DEBUG: org.springframework.test.annotation.ProfileValueUtils - Retrieved @ProfileValueSourceConfiguration [null] for test class [com.invoice.test.InvoiceServiceImplTest]
DEBUG: org.springframework.test.annotation.ProfileValueUtils - Retrieved ProfileValueSource type [class org.springframework.test.annotation.SystemProfileValueSource] for class [com.invoice.test.InvoiceServiceImplTest]
DEBUG: org.springframework.test.annotation.ProfileValueUtils - Retrieved @ProfileValueSourceConfiguration [null] for test class [com.invoice.test.InvoiceServiceImplTest]
DEBUG: org.springframework.test.annotation.ProfileValueUtils - Retrieved ProfileValueSource type [class org.springframework.test.annotation.SystemProfileValueSource] for class [com.invoice.test.InvoiceServiceImplTest]
DEBUG: org.springframework.test.context.support.AbstractDirtiesContextTestExecutionListener - Before test class: context [DefaultTestContext@6fc6f14e testClass = InvoiceServiceImplTest, testInstance = [null], testMethod = [null], testException = [null], mergedContextConfiguration = [MergedContextConfiguration@56235b8e testClass = InvoiceServiceImplTest, locations = &apos;{file:src/main/webapp/WEB-INF/spring/appServlet/servlet-context.xml}&apos;, classes = &apos;{}&apos;, contextInitializerClasses = &apos;[]&apos;, activeProfiles = &apos;{}&apos;, propertySourceLocations = &apos;{}&apos;, propertySourceProperties = &apos;{}&apos;, contextCustomizers = set[[empty]], contextLoader = &apos;org.springframework.test.context.support.DelegatingSmartContextLoader&apos;, parent = [null]]], class annotated with @DirtiesContext [false] with mode [null].
DEBUG: org.springframework.test.annotation.ProfileValueUtils - Retrieved @ProfileValueSourceConfiguration [null] for test class [com.invoice.test.InvoiceServiceImplTest]
DEBUG: org.springframework.test.annotation.ProfileValueUtils - Retrieved ProfileValueSource type [class org.springframework.test.annotation.SystemProfileValueSource] for class [com.invoice.test.InvoiceServiceImplTest]
DEBUG: org.springframework.test.context.support.DependencyInjectionTestExecutionListener - Performing dependency injection for test context [[DefaultTestContext@6fc6f14e testClass = InvoiceServiceImplTest, testInstance = com.invoice.test.InvoiceServiceImplTest@6536e911, testMethod = [null], testException = [null], mergedContextConfiguration = [MergedContextConfiguration@56235b8e testClass = InvoiceServiceImplTest, locations = &apos;{file:src/main/webapp/WEB-INF/spring/appServlet/servlet-context.xml}&apos;, classes = &apos;{}&apos;, contextInitializerClasses = &apos;[]&apos;, activeProfiles = &apos;{}&apos;, propertySourceLocations = &apos;{}&apos;, propertySourceProperties = &apos;{}&apos;, contextCustomizers = set[[empty]], contextLoader = &apos;org.springframework.test.context.support.DelegatingSmartContextLoader&apos;, parent = [null]]]].
DEBUG: org.springframework.test.context.support.AbstractDelegatingSmartContextLoader - Delegating to GenericXmlContextLoader to load context from [MergedContextConfiguration@56235b8e testClass = InvoiceServiceImplTest, locations = &apos;{file:src/main/webapp/WEB-INF/spring/appServlet/servlet-context.xml}&apos;, classes = &apos;{}&apos;, contextInitializerClasses = &apos;[]&apos;, activeProfiles = &apos;{}&apos;, propertySourceLocations = &apos;{}&apos;, propertySourceProperties = &apos;{}&apos;, contextCustomizers = set[[empty]], contextLoader = &apos;org.springframework.test.context.support.DelegatingSmartContextLoader&apos;, parent = [null]].
DEBUG: org.springframework.test.context.support.AbstractGenericContextLoader - Loading ApplicationContext for merged context configuration [[MergedContextConfiguration@56235b8e testClass = InvoiceServiceImplTest, locations = &apos;{file:src/main/webapp/WEB-INF/spring/appServlet/servlet-context.xml}&apos;, classes = &apos;{}&apos;, contextInitializerClasses = &apos;[]&apos;, activeProfiles = &apos;{}&apos;, propertySourceLocations = &apos;{}&apos;, propertySourceProperties = &apos;{}&apos;, contextCustomizers = set[[empty]], contextLoader = &apos;org.springframework.test.context.support.DelegatingSmartContextLoader&apos;, parent = [null]]].
INFO : org.springframework.beans.factory.xml.XmlBeanDefinitionReader - Loading XML bean definitions from URL [file:src/main/webapp/WEB-INF/spring/appServlet/servlet-context.xml]
INFO : org.springframework.context.support.GenericApplicationContext - Refreshing org.springframework.context.support.GenericApplicationContext@4973813a: startup date [Sun Oct 16 19:55:54 AEDT 2016]; root of context hierarchy
INFO : org.springframework.beans.factory.annotation.AutowiredAnnotationBeanPostProcessor - JSR-330 &apos;javax.inject.Inject&apos; annotation found and supported for autowiring
DEBUG: org.springframework.aop.framework.autoproxy.BeanFactoryAdvisorRetrievalHelper - Skipping currently created advisor &apos;org.springframework.transaction.config.internalTransactionAdvisor&apos;
INFO : org.springframework.web.servlet.mvc.method.annotation.RequestMappingHandlerMapping - Mapped &quot;{[/get],methods=[GET]}&quot; onto public java.lang.String com.invoice.InvoiceController.listInvoice(org.springframework.ui.Model) throws com.invoice.util.InvoiceException
INFO : org.springframework.web.servlet.mvc.method.annotation.RequestMappingHandlerMapping - Mapped &quot;{[/add],methods=[POST]}&quot; onto public java.lang.String com.invoice.InvoiceController.addInvoice(com.invoice.model.Invoice) throws com.invoice.util.InvoiceException
INFO : org.springframework.web.servlet.mvc.method.annotation.RequestMappingHandlerMapping - Mapped &quot;{[/find/{id}],methods=[GET]}&quot; onto public java.lang.String com.invoice.InvoiceController.findInvoice(org.springframework.ui.Model,int) throws com.invoice.util.InvoiceException
INFO : org.springframework.web.servlet.mvc.method.annotation.RequestMappingHandlerMapping - Mapped &quot;{[/findtype/{type}],methods=[GET]}&quot; onto public java.lang.String com.invoice.InvoiceController.findInvoiceByType(org.springframework.ui.Model,java.lang.String) throws com.invoice.util.InvoiceException
INFO : org.springframework.web.servlet.mvc.method.annotation.RequestMappingHandlerAdapter - Looking for @ControllerAdvice: org.springframework.context.support.GenericApplicationContext@4973813a: startup date [Sun Oct 16 19:55:54 AEDT 2016]; root of context hierarchy
INFO : org.springframework.web.servlet.mvc.method.annotation.RequestMappingHandlerAdapter - Looking for @ControllerAdvice: org.springframework.context.support.GenericApplicationContext@4973813a: startup date [Sun Oct 16 19:55:54 AEDT 2016]; root of context hierarchy
INFO : org.springframework.web.servlet.handler.SimpleUrlHandlerMapping - Mapped URL path [/resources/**] onto handler &apos;org.springframework.web.servlet.resource.ResourceHttpRequestHandler#0&apos;
DEBUG: org.jboss.logging - Logging Provider: org.jboss.logging.Log4jLoggerProvider
INFO : org.hibernate.annotations.common.Version - HCANN000001: Hibernate Commons Annotations {4.0.4.Final}
INFO : org.hibernate.Version - HHH000412: Hibernate Core {4.3.5.Final}
INFO : org.hibernate.cfg.Environment - HHH000206: hibernate.properties not found
INFO : org.hibernate.cfg.Environment - HHH000021: Bytecode provider name : javassist
INFO : org.hibernate.dialect.Dialect - HHH000400: Using dialect: org.hibernate.dialect.PostgreSQLDialect
INFO : org.hibernate.engine.jdbc.internal.LobCreatorBuilder - HHH000424: Disabling contextual LOB creation as createClob() method threw error : java.lang.reflect.InvocationTargetException
INFO : org.hibernate.engine.transaction.internal.TransactionFactoryInitiator - HHH000399: Using default transaction strategy (direct JDBC transactions)
INFO : org.hibernate.hql.internal.ast.ASTQueryTranslatorFactory - HHH000397: Using ASTQueryTranslatorFactory
INFO : org.hibernate.tool.hbm2ddl.SchemaExport - HHH000227: Running hbm2ddl schema export
Hibernate: drop table if exists INVOICE cascade
Hibernate: create table INVOICE (id  serial not null, amount float4 not null, collectedOrSupplied varchar(255), date varchar(255), fee varchar(255), gst float4 not null, sum float4 not null, type varchar(255), user varchar(255), primary key (id))
ERROR: org.hibernate.tool.hbm2ddl.SchemaExport - HHH000389: Unsuccessful: create table INVOICE (id  serial not null, amount float4 not null, collectedOrSupplied varchar(255), date varchar(255), fee varchar(255), gst float4 not null, sum float4 not null, type varchar(255), user varchar(255), primary key (id))
ERROR: org.hibernate.tool.hbm2ddl.SchemaExport - ERROR: syntax error at or near &quot;user&quot;
  Position: 200
INFO : org.hibernate.tool.hbm2ddl.SchemaExport - HHH000230: Schema export complete
DEBUG: org.springframework.transaction.annotation.AnnotationTransactionAttributeSource - Adding transactional method &apos;InvoiceServiceImpl.listInvoice&apos; with attribute: PROPAGATION_REQUIRED,ISOLATION_DEFAULT; &apos;&apos;
DEBUG: org.springframework.aop.framework.autoproxy.InfrastructureAdvisorAutoProxyCreator - Creating implicit proxy for bean &apos;invoiceService&apos; with 0 common interceptors and 1 specific interceptors
DEBUG: org.springframework.aop.framework.JdkDynamicAopProxy - Creating JDK dynamic proxy: target source is SingletonTargetSource for target object [com.invoice.service.InvoiceServiceImpl@5d28bcd5]
DEBUG: org.springframework.aop.framework.autoproxy.InfrastructureAdvisorAutoProxyCreator - Creating implicit proxy for bean &apos;invoiceServiceImpl&apos; with 0 common interceptors and 1 specific interceptors
DEBUG: org.springframework.aop.framework.JdkDynamicAopProxy - Creating JDK dynamic proxy: target source is SingletonTargetSource for target object [com.invoice.service.InvoiceServiceImpl@241a0c3a]
INFO : org.springframework.orm.hibernate4.HibernateTransactionManager - Using DataSource [org.apache.commons.dbcp.BasicDataSource@7354b8c5] of Hibernate SessionFactory for HibernateTransactionManager
DEBUG: org.springframework.test.context.cache.DefaultCacheAwareContextLoaderDelegate - Storing ApplicationContext in cache under key [[MergedContextConfiguration@56235b8e testClass = InvoiceServiceImplTest, locations = &apos;{file:src/main/webapp/WEB-INF/spring/appServlet/servlet-context.xml}&apos;, classes = &apos;{}&apos;, contextInitializerClasses = &apos;[]&apos;, activeProfiles = &apos;{}&apos;, propertySourceLocations = &apos;{}&apos;, propertySourceProperties = &apos;{}&apos;, contextCustomizers = set[[empty]], contextLoader = &apos;org.springframework.test.context.support.DelegatingSmartContextLoader&apos;, parent = [null]]]
DEBUG: org.springframework.test.context.cache - Spring test ApplicationContext cache statistics: [DefaultContextCache@41a6d121 size = 1, maxSize = 32, parentContextCount = 0, hitCount = 0, missCount = 1]
DEBUG: org.springframework.test.context.support.AbstractDirtiesContextTestExecutionListener - Before test method: context [DefaultTestContext@6fc6f14e testClass = InvoiceServiceImplTest, testInstance = com.invoice.test.InvoiceServiceImplTest@6536e911, testMethod = testFindInvoiceByType@InvoiceServiceImplTest, testException = [null], mergedContextConfiguration = [MergedContextConfiguration@56235b8e testClass = InvoiceServiceImplTest, locations = &apos;{file:src/main/webapp/WEB-INF/spring/appServlet/servlet-context.xml}&apos;, classes = &apos;{}&apos;, contextInitializerClasses = &apos;[]&apos;, activeProfiles = &apos;{}&apos;, propertySourceLocations = &apos;{}&apos;, propertySourceProperties = &apos;{}&apos;, contextCustomizers = set[[empty]], contextLoader = &apos;org.springframework.test.context.support.DelegatingSmartContextLoader&apos;, parent = [null]]], class annotated with @DirtiesContext [false] with mode [null], method annotated with @DirtiesContext [false] with mode [null].
DEBUG: org.springframework.transaction.annotation.AnnotationTransactionAttributeSource - Adding transactional method &apos;InvoiceServiceImpl.findInvoiceByType&apos; with attribute: PROPAGATION_REQUIRED,ISOLATION_DEFAULT; &apos;&apos;
DEBUG: org.springframework.orm.hibernate4.HibernateTransactionManager - Creating new transaction with name [com.invoice.service.InvoiceServiceImpl.findInvoiceByType]: PROPAGATION_REQUIRED,ISOLATION_DEFAULT; &apos;&apos;
DEBUG: org.springframework.orm.hibernate4.HibernateTransactionManager - Opened new Session [SessionImpl(PersistenceContext[entityKeys=[],collectionKeys=[]];ActionQueue[insertions=org.hibernate.engine.spi.ExecutableList@68e62ca4 updates=org.hibernate.engine.spi.ExecutableList@5328a9c1 deletions=org.hibernate.engine.spi.ExecutableList@5b78fdb1 orphanRemovals=org.hibernate.engine.spi.ExecutableList@48bfb884 collectionCreations=org.hibernate.engine.spi.ExecutableList@11653e3b collectionRemovals=org.hibernate.engine.spi.ExecutableList@715fb77 collectionUpdates=org.hibernate.engine.spi.ExecutableList@1b9c1b51 collectionQueuedOps=org.hibernate.engine.spi.ExecutableList@2e52fb3e unresolvedInsertDependencies=UnresolvedEntityInsertActions[]])] for Hibernate transaction
DEBUG: org.springframework.orm.hibernate4.HibernateTransactionManager - Preparing JDBC Connection of Hibernate Session [SessionImpl(PersistenceContext[entityKeys=[],collectionKeys=[]];ActionQueue[insertions=org.hibernate.engine.spi.ExecutableList@68e62ca4 updates=org.hibernate.engine.spi.ExecutableList@5328a9c1 deletions=org.hibernate.engine.spi.ExecutableList@5b78fdb1 orphanRemovals=org.hibernate.engine.spi.ExecutableList@48bfb884 collectionCreations=org.hibernate.engine.spi.ExecutableList@11653e3b collectionRemovals=org.hibernate.engine.spi.ExecutableList@715fb77 collectionUpdates=org.hibernate.engine.spi.ExecutableList@1b9c1b51 collectionQueuedOps=org.hibernate.engine.spi.ExecutableList@2e52fb3e unresolvedInsertDependencies=UnresolvedEntityInsertActions[]])]
DEBUG: org.springframework.orm.hibernate4.HibernateTransactionManager - Exposing Hibernate transaction as JDBC transaction [jdbc:postgresql://localhost:5432/invoiceDB, UserName=postgres, PostgreSQL Native Driver]
Hibernate: select invoice0_.id as id1_0_, invoice0_.amount as amount2_0_, invoice0_.collectedOrSupplied as collecte3_0_, invoice0_.date as date4_0_, invoice0_.fee as fee5_0_, invoice0_.gst as gst6_0_, invoice0_.sum as sum7_0_, invoice0_.type as type8_0_, invoice0_.user as user9_0_ from INVOICE invoice0_ where invoice0_.type=?
WARN : org.hibernate.engine.jdbc.spi.SqlExceptionHelper - SQL Error: 0, SQLState: 42P01
ERROR: org.hibernate.engine.jdbc.spi.SqlExceptionHelper - ERROR: relation &quot;invoice&quot; does not exist
  Position: 277
DEBUG: org.springframework.orm.hibernate4.HibernateTransactionManager - Initiating transaction rollback
DEBUG: org.springframework.orm.hibernate4.HibernateTransactionManager - Rolling back Hibernate transaction on Session [SessionImpl(PersistenceContext[entityKeys=[],collectionKeys=[]];ActionQueue[insertions=org.hibernate.engine.spi.ExecutableList@68e62ca4 updates=org.hibernate.engine.spi.ExecutableList@5328a9c1 deletions=org.hibernate.engine.spi.ExecutableList@5b78fdb1 orphanRemovals=org.hibernate.engine.spi.ExecutableList@48bfb884 collectionCreations=org.hibernate.engine.spi.ExecutableList@11653e3b collectionRemovals=org.hibernate.engine.spi.ExecutableList@715fb77 collectionUpdates=org.hibernate.engine.spi.ExecutableList@1b9c1b51 collectionQueuedOps=org.hibernate.engine.spi.ExecutableList@2e52fb3e unresolvedInsertDependencies=UnresolvedEntityInsertActions[]])]
DEBUG: org.springframework.orm.hibernate4.HibernateTransactionManager - Closing Hibernate Session [SessionImpl(PersistenceContext[entityKeys=[],collectionKeys=[]];ActionQueue[insertions=org.hibernate.engine.spi.ExecutableList@68e62ca4 updates=org.hibernate.engine.spi.ExecutableList@5328a9c1 deletions=org.hibernate.engine.spi.ExecutableList@5b78fdb1 orphanRemovals=org.hibernate.engine.spi.ExecutableList@48bfb884 collectionCreations=org.hibernate.engine.spi.ExecutableList@11653e3b collectionRemovals=org.hibernate.engine.spi.ExecutableList@715fb77 collectionUpdates=org.hibernate.engine.spi.ExecutableList@1b9c1b51 collectionQueuedOps=org.hibernate.engine.spi.ExecutableList@2e52fb3e unresolvedInsertDependencies=UnresolvedEntityInsertActions[]])] after transaction
DEBUG: org.springframework.test.context.support.AbstractDirtiesContextTestExecutionListener - After test method: context [DefaultTestContext@6fc6f14e testClass = InvoiceServiceImplTest, testInstance = com.invoice.test.InvoiceServiceImplTest@6536e911, testMethod = testFindInvoiceByType@InvoiceServiceImplTest, testException = org.hibernate.exception.SQLGrammarException: could not extract ResultSet, mergedContextConfiguration = [MergedContextConfiguration@56235b8e testClass = InvoiceServiceImplTest, locations = &apos;{file:src/main/webapp/WEB-INF/spring/appServlet/servlet-context.xml}&apos;, classes = &apos;{}&apos;, contextInitializerClasses = &apos;[]&apos;, activeProfiles = &apos;{}&apos;, propertySourceLocations = &apos;{}&apos;, propertySourceProperties = &apos;{}&apos;, contextCustomizers = set[[empty]], contextLoader = &apos;org.springframework.test.context.support.DelegatingSmartContextLoader&apos;, parent = [null]]], class annotated with @DirtiesContext [false] with mode [null], method annotated with @DirtiesContext [false] with mode [null].
</system-out>
  </testcase>
  <testcase classname="com.invoice.test.InvoiceServiceImplTest" name="testListInvoice" time="0.028">
    <error message="could not extract ResultSet" type="org.hibernate.exception.SQLGrammarException">org.hibernate.exception.SQLGrammarException: could not extract ResultSet
	at org.hibernate.exception.internal.SQLStateConversionDelegate.convert(SQLStateConversionDelegate.java:123)
	at org.hibernate.exception.internal.StandardSQLExceptionConverter.convert(StandardSQLExceptionConverter.java:49)
	at org.hibernate.engine.jdbc.spi.SqlExceptionHelper.convert(SqlExceptionHelper.java:126)
	at org.hibernate.engine.jdbc.spi.SqlExceptionHelper.convert(SqlExceptionHelper.java:112)
	at org.hibernate.engine.jdbc.internal.ResultSetReturnImpl.extract(ResultSetReturnImpl.java:89)
	at org.hibernate.loader.Loader.getResultSet(Loader.java:2065)
	at org.hibernate.loader.Loader.executeQueryStatement(Loader.java:1862)
	at org.hibernate.loader.Loader.executeQueryStatement(Loader.java:1838)
	at org.hibernate.loader.Loader.doQuery(Loader.java:909)
	at org.hibernate.loader.Loader.doQueryAndInitializeNonLazyCollections(Loader.java:354)
	at org.hibernate.loader.Loader.doList(Loader.java:2553)
	at org.hibernate.loader.Loader.doList(Loader.java:2539)
	at org.hibernate.loader.Loader.listIgnoreQueryCache(Loader.java:2369)
	at org.hibernate.loader.Loader.list(Loader.java:2364)
	at org.hibernate.loader.hql.QueryLoader.list(QueryLoader.java:496)
	at org.hibernate.hql.internal.ast.QueryTranslatorImpl.list(QueryTranslatorImpl.java:387)
	at org.hibernate.engine.query.spi.HQLQueryPlan.performList(HQLQueryPlan.java:231)
	at org.hibernate.internal.SessionImpl.list(SessionImpl.java:1264)
	at org.hibernate.internal.QueryImpl.list(QueryImpl.java:103)
	at com.invoice.dataaccess.InvoiceDAOImpl.listInvoice(InvoiceDAOImpl.java:38)
	at com.invoice.service.InvoiceServiceImpl.listInvoice(InvoiceServiceImpl.java:30)
	at sun.reflect.NativeMethodAccessorImpl.invoke0(Native Method)
	at sun.reflect.NativeMethodAccessorImpl.invoke(NativeMethodAccessorImpl.java:62)
	at sun.reflect.DelegatingMethodAccessorImpl.invoke(DelegatingMethodAccessorImpl.java:43)
	at java.lang.reflect.Method.invoke(Method.java:498)
	at org.springframework.aop.support.AopUtils.invokeJoinpointUsingReflection(AopUtils.java:333)
	at org.springframework.aop.framework.ReflectiveMethodInvocation.invokeJoinpoint(ReflectiveMethodInvocation.java:190)
	at org.springframework.aop.framework.ReflectiveMethodInvocation.proceed(ReflectiveMethodInvocation.java:157)
	at org.springframework.transaction.interceptor.TransactionInterceptor$1.proceedWithInvocation(TransactionInterceptor.java:99)
	at org.springframework.transaction.interceptor.TransactionAspectSupport.invokeWithinTransaction(TransactionAspectSupport.java:281)
	at org.springframework.transaction.interceptor.TransactionInterceptor.invoke(TransactionInterceptor.java:96)
	at org.springframework.aop.framework.ReflectiveMethodInvocation.proceed(ReflectiveMethodInvocation.java:179)
	at org.springframework.aop.framework.JdkDynamicAopProxy.invoke(JdkDynamicAopProxy.java:213)
	at com.sun.proxy.$Proxy32.listInvoice(Unknown Source)
	at com.invoice.test.InvoiceServiceImplTest.testListInvoice(InvoiceServiceImplTest.java:38)
	at sun.reflect.NativeMethodAccessorImpl.invoke0(Native Method)
	at sun.reflect.NativeMethodAccessorImpl.invoke(NativeMethodAccessorImpl.java:62)
	at sun.reflect.DelegatingMethodAccessorImpl.invoke(DelegatingMethodAccessorImpl.java:43)
	at java.lang.reflect.Method.invoke(Method.java:498)
	at org.junit.runners.model.FrameworkMethod$1.runReflectiveCall(FrameworkMethod.java:50)
	at org.junit.internal.runners.model.ReflectiveCallable.run(ReflectiveCallable.java:12)
	at org.junit.runners.model.FrameworkMethod.invokeExplosively(FrameworkMethod.java:47)
	at org.junit.internal.runners.statements.InvokeMethod.evaluate(InvokeMethod.java:17)
	at org.springframework.test.context.junit4.statements.RunBeforeTestMethodCallbacks.evaluate(RunBeforeTestMethodCallbacks.java:75)
	at org.springframework.test.context.junit4.statements.RunAfterTestMethodCallbacks.evaluate(RunAfterTestMethodCallbacks.java:86)
	at org.springframework.test.context.junit4.statements.SpringRepeat.evaluate(SpringRepeat.java:84)
	at org.junit.runners.ParentRunner.runLeaf(ParentRunner.java:325)
	at org.springframework.test.context.junit4.SpringJUnit4ClassRunner.runChild(SpringJUnit4ClassRunner.java:252)
	at org.springframework.test.context.junit4.SpringJUnit4ClassRunner.runChild(SpringJUnit4ClassRunner.java:94)
	at org.junit.runners.ParentRunner$3.run(ParentRunner.java:290)
	at org.junit.runners.ParentRunner$1.schedule(ParentRunner.java:71)
	at org.junit.runners.ParentRunner.runChildren(ParentRunner.java:288)
	at org.junit.runners.ParentRunner.access$000(ParentRunner.java:58)
	at org.junit.runners.ParentRunner$2.evaluate(ParentRunner.java:268)
	at org.springframework.test.context.junit4.statements.RunBeforeTestClassCallbacks.evaluate(RunBeforeTestClassCallbacks.java:61)
	at org.springframework.test.context.junit4.statements.RunAfterTestClassCallbacks.evaluate(RunAfterTestClassCallbacks.java:70)
	at org.junit.runners.ParentRunner.run(ParentRunner.java:363)
	at org.springframework.test.context.junit4.SpringJUnit4ClassRunner.run(SpringJUnit4ClassRunner.java:191)
	at org.apache.maven.surefire.junit4.JUnit4Provider.execute(JUnit4Provider.java:252)
	at org.apache.maven.surefire.junit4.JUnit4Provider.executeTestSet(JUnit4Provider.java:141)
	at org.apache.maven.surefire.junit4.JUnit4Provider.invoke(JUnit4Provider.java:112)
	at sun.reflect.NativeMethodAccessorImpl.invoke0(Native Method)
	at sun.reflect.NativeMethodAccessorImpl.invoke(NativeMethodAccessorImpl.java:62)
	at sun.reflect.DelegatingMethodAccessorImpl.invoke(DelegatingMethodAccessorImpl.java:43)
	at java.lang.reflect.Method.invoke(Method.java:498)
	at org.apache.maven.surefire.util.ReflectionUtils.invokeMethodWithArray(ReflectionUtils.java:189)
	at org.apache.maven.surefire.booter.ProviderFactory$ProviderProxy.invoke(ProviderFactory.java:165)
	at org.apache.maven.surefire.booter.ProviderFactory.invokeProvider(ProviderFactory.java:85)
	at org.apache.maven.surefire.booter.ForkedBooter.runSuitesInProcess(ForkedBooter.java:115)
	at org.apache.maven.surefire.booter.ForkedBooter.main(ForkedBooter.java:75)
Caused by: org.postgresql.util.PSQLException: ERROR: relation &quot;invoice&quot; does not exist
  Position: 277
	at org.postgresql.core.v3.QueryExecutorImpl.receiveErrorResponse(QueryExecutorImpl.java:2453)
	at org.postgresql.core.v3.QueryExecutorImpl.processResults(QueryExecutorImpl.java:2153)
	at org.postgresql.core.v3.QueryExecutorImpl.execute(QueryExecutorImpl.java:286)
	at org.postgresql.jdbc.PgStatement.executeInternal(PgStatement.java:432)
	at org.postgresql.jdbc.PgStatement.execute(PgStatement.java:358)
	at org.postgresql.jdbc.PgPreparedStatement.executeWithFlags(PgPreparedStatement.java:171)
	at org.postgresql.jdbc.PgPreparedStatement.executeQuery(PgPreparedStatement.java:119)
	at org.apache.commons.dbcp.DelegatingPreparedStatement.executeQuery(DelegatingPreparedStatement.java:96)
	at org.apache.commons.dbcp.DelegatingPreparedStatement.executeQuery(DelegatingPreparedStatement.java:96)
	at org.hibernate.engine.jdbc.internal.ResultSetReturnImpl.extract(ResultSetReturnImpl.java:80)
	... 65 more
</error>
    <system-out>DEBUG: org.springframework.test.annotation.ProfileValueUtils - Retrieved @ProfileValueSourceConfiguration [null] for test class [com.invoice.test.InvoiceServiceImplTest]
DEBUG: org.springframework.test.annotation.ProfileValueUtils - Retrieved ProfileValueSource type [class org.springframework.test.annotation.SystemProfileValueSource] for class [com.invoice.test.InvoiceServiceImplTest]
DEBUG: org.springframework.test.context.support.DependencyInjectionTestExecutionListener - Performing dependency injection for test context [[DefaultTestContext@6fc6f14e testClass = InvoiceServiceImplTest, testInstance = com.invoice.test.InvoiceServiceImplTest@141e879d, testMethod = [null], testException = [null], mergedContextConfiguration = [MergedContextConfiguration@56235b8e testClass = InvoiceServiceImplTest, locations = &apos;{file:src/main/webapp/WEB-INF/spring/appServlet/servlet-context.xml}&apos;, classes = &apos;{}&apos;, contextInitializerClasses = &apos;[]&apos;, activeProfiles = &apos;{}&apos;, propertySourceLocations = &apos;{}&apos;, propertySourceProperties = &apos;{}&apos;, contextCustomizers = set[[empty]], contextLoader = &apos;org.springframework.test.context.support.DelegatingSmartContextLoader&apos;, parent = [null]]]].
DEBUG: org.springframework.test.context.cache.DefaultCacheAwareContextLoaderDelegate - Retrieved ApplicationContext from cache with key [[MergedContextConfiguration@56235b8e testClass = InvoiceServiceImplTest, locations = &apos;{file:src/main/webapp/WEB-INF/spring/appServlet/servlet-context.xml}&apos;, classes = &apos;{}&apos;, contextInitializerClasses = &apos;[]&apos;, activeProfiles = &apos;{}&apos;, propertySourceLocations = &apos;{}&apos;, propertySourceProperties = &apos;{}&apos;, contextCustomizers = set[[empty]], contextLoader = &apos;org.springframework.test.context.support.DelegatingSmartContextLoader&apos;, parent = [null]]]
DEBUG: org.springframework.test.context.cache - Spring test ApplicationContext cache statistics: [DefaultContextCache@41a6d121 size = 1, maxSize = 32, parentContextCount = 0, hitCount = 1, missCount = 1]
DEBUG: org.springframework.test.context.support.AbstractDirtiesContextTestExecutionListener - Before test method: context [DefaultTestContext@6fc6f14e testClass = InvoiceServiceImplTest, testInstance = com.invoice.test.InvoiceServiceImplTest@141e879d, testMethod = testListInvoice@InvoiceServiceImplTest, testException = [null], mergedContextConfiguration = [MergedContextConfiguration@56235b8e testClass = InvoiceServiceImplTest, locations = &apos;{file:src/main/webapp/WEB-INF/spring/appServlet/servlet-context.xml}&apos;, classes = &apos;{}&apos;, contextInitializerClasses = &apos;[]&apos;, activeProfiles = &apos;{}&apos;, propertySourceLocations = &apos;{}&apos;, propertySourceProperties = &apos;{}&apos;, contextCustomizers = set[[empty]], contextLoader = &apos;org.springframework.test.context.support.DelegatingSmartContextLoader&apos;, parent = [null]]], class annotated with @DirtiesContext [false] with mode [null], method annotated with @DirtiesContext [false] with mode [null].
DEBUG: org.springframework.orm.hibernate4.HibernateTransactionManager - Creating new transaction with name [com.invoice.service.InvoiceServiceImpl.listInvoice]: PROPAGATION_REQUIRED,ISOLATION_DEFAULT; &apos;&apos;
DEBUG: org.springframework.orm.hibernate4.HibernateTransactionManager - Opened new Session [SessionImpl(PersistenceContext[entityKeys=[],collectionKeys=[]];ActionQueue[insertions=org.hibernate.engine.spi.ExecutableList@109d724c updates=org.hibernate.engine.spi.ExecutableList@1704f67f deletions=org.hibernate.engine.spi.ExecutableList@e4d2696 orphanRemovals=org.hibernate.engine.spi.ExecutableList@6e0f7aad collectionCreations=org.hibernate.engine.spi.ExecutableList@15fb7a32 collectionRemovals=org.hibernate.engine.spi.ExecutableList@257cc1fc collectionUpdates=org.hibernate.engine.spi.ExecutableList@42e22a53 collectionQueuedOps=org.hibernate.engine.spi.ExecutableList@57adfab0 unresolvedInsertDependencies=UnresolvedEntityInsertActions[]])] for Hibernate transaction
DEBUG: org.springframework.orm.hibernate4.HibernateTransactionManager - Preparing JDBC Connection of Hibernate Session [SessionImpl(PersistenceContext[entityKeys=[],collectionKeys=[]];ActionQueue[insertions=org.hibernate.engine.spi.ExecutableList@109d724c updates=org.hibernate.engine.spi.ExecutableList@1704f67f deletions=org.hibernate.engine.spi.ExecutableList@e4d2696 orphanRemovals=org.hibernate.engine.spi.ExecutableList@6e0f7aad collectionCreations=org.hibernate.engine.spi.ExecutableList@15fb7a32 collectionRemovals=org.hibernate.engine.spi.ExecutableList@257cc1fc collectionUpdates=org.hibernate.engine.spi.ExecutableList@42e22a53 collectionQueuedOps=org.hibernate.engine.spi.ExecutableList@57adfab0 unresolvedInsertDependencies=UnresolvedEntityInsertActions[]])]
DEBUG: org.springframework.orm.hibernate4.HibernateTransactionManager - Exposing Hibernate transaction as JDBC transaction [jdbc:postgresql://localhost:5432/invoiceDB, UserName=postgres, PostgreSQL Native Driver]
Hibernate: select invoice0_.id as id1_0_, invoice0_.amount as amount2_0_, invoice0_.collectedOrSupplied as collecte3_0_, invoice0_.date as date4_0_, invoice0_.fee as fee5_0_, invoice0_.gst as gst6_0_, invoice0_.sum as sum7_0_, invoice0_.type as type8_0_, invoice0_.user as user9_0_ from INVOICE invoice0_
WARN : org.hibernate.engine.jdbc.spi.SqlExceptionHelper - SQL Error: 0, SQLState: 42P01
ERROR: org.hibernate.engine.jdbc.spi.SqlExceptionHelper - ERROR: relation &quot;invoice&quot; does not exist
  Position: 277
DEBUG: org.springframework.orm.hibernate4.HibernateTransactionManager - Initiating transaction rollback
DEBUG: org.springframework.orm.hibernate4.HibernateTransactionManager - Rolling back Hibernate transaction on Session [SessionImpl(PersistenceContext[entityKeys=[],collectionKeys=[]];ActionQueue[insertions=org.hibernate.engine.spi.ExecutableList@109d724c updates=org.hibernate.engine.spi.ExecutableList@1704f67f deletions=org.hibernate.engine.spi.ExecutableList@e4d2696 orphanRemovals=org.hibernate.engine.spi.ExecutableList@6e0f7aad collectionCreations=org.hibernate.engine.spi.ExecutableList@15fb7a32 collectionRemovals=org.hibernate.engine.spi.ExecutableList@257cc1fc collectionUpdates=org.hibernate.engine.spi.ExecutableList@42e22a53 collectionQueuedOps=org.hibernate.engine.spi.ExecutableList@57adfab0 unresolvedInsertDependencies=UnresolvedEntityInsertActions[]])]
DEBUG: org.springframework.orm.hibernate4.HibernateTransactionManager - Closing Hibernate Session [SessionImpl(PersistenceContext[entityKeys=[],collectionKeys=[]];ActionQueue[insertions=org.hibernate.engine.spi.ExecutableList@109d724c updates=org.hibernate.engine.spi.ExecutableList@1704f67f deletions=org.hibernate.engine.spi.ExecutableList@e4d2696 orphanRemovals=org.hibernate.engine.spi.ExecutableList@6e0f7aad collectionCreations=org.hibernate.engine.spi.ExecutableList@15fb7a32 collectionRemovals=org.hibernate.engine.spi.ExecutableList@257cc1fc collectionUpdates=org.hibernate.engine.spi.ExecutableList@42e22a53 collectionQueuedOps=org.hibernate.engine.spi.ExecutableList@57adfab0 unresolvedInsertDependencies=UnresolvedEntityInsertActions[]])] after transaction
DEBUG: org.springframework.test.context.support.AbstractDirtiesContextTestExecutionListener - After test method: context [DefaultTestContext@6fc6f14e testClass = InvoiceServiceImplTest, testInstance = com.invoice.test.InvoiceServiceImplTest@141e879d, testMethod = testListInvoice@InvoiceServiceImplTest, testException = org.hibernate.exception.SQLGrammarException: could not extract ResultSet, mergedContextConfiguration = [MergedContextConfiguration@56235b8e testClass = InvoiceServiceImplTest, locations = &apos;{file:src/main/webapp/WEB-INF/spring/appServlet/servlet-context.xml}&apos;, classes = &apos;{}&apos;, contextInitializerClasses = &apos;[]&apos;, activeProfiles = &apos;{}&apos;, propertySourceLocations = &apos;{}&apos;, propertySourceProperties = &apos;{}&apos;, contextCustomizers = set[[empty]], contextLoader = &apos;org.springframework.test.context.support.DelegatingSmartContextLoader&apos;, parent = [null]]], class annotated with @DirtiesContext [false] with mode [null], method annotated with @DirtiesContext [false] with mode [null].
</system-out>
  </testcase>
  <testcase classname="com.invoice.test.InvoiceServiceImplTest" name="testFindInvoice" time="0.013">
    <error message="could not extract ResultSet" type="org.hibernate.exception.SQLGrammarException">org.hibernate.exception.SQLGrammarException: could not extract ResultSet
	at org.hibernate.exception.internal.SQLStateConversionDelegate.convert(SQLStateConversionDelegate.java:123)
	at org.hibernate.exception.internal.StandardSQLExceptionConverter.convert(StandardSQLExceptionConverter.java:49)
	at org.hibernate.engine.jdbc.spi.SqlExceptionHelper.convert(SqlExceptionHelper.java:126)
	at org.hibernate.engine.jdbc.spi.SqlExceptionHelper.convert(SqlExceptionHelper.java:112)
	at org.hibernate.engine.jdbc.internal.ResultSetReturnImpl.extract(ResultSetReturnImpl.java:89)
	at org.hibernate.loader.plan.exec.internal.AbstractLoadPlanBasedLoader.getResultSet(AbstractLoadPlanBasedLoader.java:449)
	at org.hibernate.loader.plan.exec.internal.AbstractLoadPlanBasedLoader.executeQueryStatement(AbstractLoadPlanBasedLoader.java:202)
	at org.hibernate.loader.plan.exec.internal.AbstractLoadPlanBasedLoader.executeLoad(AbstractLoadPlanBasedLoader.java:137)
	at org.hibernate.loader.plan.exec.internal.AbstractLoadPlanBasedLoader.executeLoad(AbstractLoadPlanBasedLoader.java:102)
	at org.hibernate.loader.entity.plan.AbstractLoadPlanBasedEntityLoader.load(AbstractLoadPlanBasedEntityLoader.java:186)
	at org.hibernate.persister.entity.AbstractEntityPersister.load(AbstractEntityPersister.java:4126)
	at org.hibernate.event.internal.DefaultLoadEventListener.loadFromDatasource(DefaultLoadEventListener.java:502)
	at org.hibernate.event.internal.DefaultLoadEventListener.doLoad(DefaultLoadEventListener.java:467)
	at org.hibernate.event.internal.DefaultLoadEventListener.load(DefaultLoadEventListener.java:212)
	at org.hibernate.event.internal.DefaultLoadEventListener.onLoad(DefaultLoadEventListener.java:145)
	at org.hibernate.internal.SessionImpl.fireLoad(SessionImpl.java:1070)
	at org.hibernate.internal.SessionImpl.immediateLoad(SessionImpl.java:976)
	at org.hibernate.proxy.AbstractLazyInitializer.initialize(AbstractLazyInitializer.java:174)
	at org.hibernate.proxy.AbstractLazyInitializer.getImplementation(AbstractLazyInitializer.java:286)
	at org.hibernate.proxy.pojo.javassist.JavassistLazyInitializer.invoke(JavassistLazyInitializer.java:185)
	at com.invoice.model.Invoice_$$_jvst40d_0.toString(Invoice_$$_jvst40d_0.java)
	at java.lang.String.valueOf(String.java:2994)
	at java.lang.StringBuilder.append(StringBuilder.java:131)
	at com.invoice.dataaccess.InvoiceDAOImpl.findInvoice(InvoiceDAOImpl.java:50)
	at com.invoice.service.InvoiceServiceImpl.findInvoice(InvoiceServiceImpl.java:36)
	at sun.reflect.NativeMethodAccessorImpl.invoke0(Native Method)
	at sun.reflect.NativeMethodAccessorImpl.invoke(NativeMethodAccessorImpl.java:62)
	at sun.reflect.DelegatingMethodAccessorImpl.invoke(DelegatingMethodAccessorImpl.java:43)
	at java.lang.reflect.Method.invoke(Method.java:498)
	at org.springframework.aop.support.AopUtils.invokeJoinpointUsingReflection(AopUtils.java:333)
	at org.springframework.aop.framework.ReflectiveMethodInvocation.invokeJoinpoint(ReflectiveMethodInvocation.java:190)
	at org.springframework.aop.framework.ReflectiveMethodInvocation.proceed(ReflectiveMethodInvocation.java:157)
	at org.springframework.transaction.interceptor.TransactionInterceptor$1.proceedWithInvocation(TransactionInterceptor.java:99)
	at org.springframework.transaction.interceptor.TransactionAspectSupport.invokeWithinTransaction(TransactionAspectSupport.java:281)
	at org.springframework.transaction.interceptor.TransactionInterceptor.invoke(TransactionInterceptor.java:96)
	at org.springframework.aop.framework.ReflectiveMethodInvocation.proceed(ReflectiveMethodInvocation.java:179)
	at org.springframework.aop.framework.JdkDynamicAopProxy.invoke(JdkDynamicAopProxy.java:213)
	at com.sun.proxy.$Proxy32.findInvoice(Unknown Source)
	at com.invoice.test.InvoiceServiceImplTest.testFindInvoice(InvoiceServiceImplTest.java:45)
	at sun.reflect.NativeMethodAccessorImpl.invoke0(Native Method)
	at sun.reflect.NativeMethodAccessorImpl.invoke(NativeMethodAccessorImpl.java:62)
	at sun.reflect.DelegatingMethodAccessorImpl.invoke(DelegatingMethodAccessorImpl.java:43)
	at java.lang.reflect.Method.invoke(Method.java:498)
	at org.junit.runners.model.FrameworkMethod$1.runReflectiveCall(FrameworkMethod.java:50)
	at org.junit.internal.runners.model.ReflectiveCallable.run(ReflectiveCallable.java:12)
	at org.junit.runners.model.FrameworkMethod.invokeExplosively(FrameworkMethod.java:47)
	at org.junit.internal.runners.statements.InvokeMethod.evaluate(InvokeMethod.java:17)
	at org.springframework.test.context.junit4.statements.RunBeforeTestMethodCallbacks.evaluate(RunBeforeTestMethodCallbacks.java:75)
	at org.springframework.test.context.junit4.statements.RunAfterTestMethodCallbacks.evaluate(RunAfterTestMethodCallbacks.java:86)
	at org.springframework.test.context.junit4.statements.SpringRepeat.evaluate(SpringRepeat.java:84)
	at org.junit.runners.ParentRunner.runLeaf(ParentRunner.java:325)
	at org.springframework.test.context.junit4.SpringJUnit4ClassRunner.runChild(SpringJUnit4ClassRunner.java:252)
	at org.springframework.test.context.junit4.SpringJUnit4ClassRunner.runChild(SpringJUnit4ClassRunner.java:94)
	at org.junit.runners.ParentRunner$3.run(ParentRunner.java:290)
	at org.junit.runners.ParentRunner$1.schedule(ParentRunner.java:71)
	at org.junit.runners.ParentRunner.runChildren(ParentRunner.java:288)
	at org.junit.runners.ParentRunner.access$000(ParentRunner.java:58)
	at org.junit.runners.ParentRunner$2.evaluate(ParentRunner.java:268)
	at org.springframework.test.context.junit4.statements.RunBeforeTestClassCallbacks.evaluate(RunBeforeTestClassCallbacks.java:61)
	at org.springframework.test.context.junit4.statements.RunAfterTestClassCallbacks.evaluate(RunAfterTestClassCallbacks.java:70)
	at org.junit.runners.ParentRunner.run(ParentRunner.java:363)
	at org.springframework.test.context.junit4.SpringJUnit4ClassRunner.run(SpringJUnit4ClassRunner.java:191)
	at org.apache.maven.surefire.junit4.JUnit4Provider.execute(JUnit4Provider.java:252)
	at org.apache.maven.surefire.junit4.JUnit4Provider.executeTestSet(JUnit4Provider.java:141)
	at org.apache.maven.surefire.junit4.JUnit4Provider.invoke(JUnit4Provider.java:112)
	at sun.reflect.NativeMethodAccessorImpl.invoke0(Native Method)
	at sun.reflect.NativeMethodAccessorImpl.invoke(NativeMethodAccessorImpl.java:62)
	at sun.reflect.DelegatingMethodAccessorImpl.invoke(DelegatingMethodAccessorImpl.java:43)
	at java.lang.reflect.Method.invoke(Method.java:498)
	at org.apache.maven.surefire.util.ReflectionUtils.invokeMethodWithArray(ReflectionUtils.java:189)
	at org.apache.maven.surefire.booter.ProviderFactory$ProviderProxy.invoke(ProviderFactory.java:165)
	at org.apache.maven.surefire.booter.ProviderFactory.invokeProvider(ProviderFactory.java:85)
	at org.apache.maven.surefire.booter.ForkedBooter.runSuitesInProcess(ForkedBooter.java:115)
	at org.apache.maven.surefire.booter.ForkedBooter.main(ForkedBooter.java:75)
Caused by: org.postgresql.util.PSQLException: ERROR: relation &quot;invoice&quot; does not exist
  Position: 295
	at org.postgresql.core.v3.QueryExecutorImpl.receiveErrorResponse(QueryExecutorImpl.java:2453)
	at org.postgresql.core.v3.QueryExecutorImpl.processResults(QueryExecutorImpl.java:2153)
	at org.postgresql.core.v3.QueryExecutorImpl.execute(QueryExecutorImpl.java:286)
	at org.postgresql.jdbc.PgStatement.executeInternal(PgStatement.java:432)
	at org.postgresql.jdbc.PgStatement.execute(PgStatement.java:358)
	at org.postgresql.jdbc.PgPreparedStatement.executeWithFlags(PgPreparedStatement.java:171)
	at org.postgresql.jdbc.PgPreparedStatement.executeQuery(PgPreparedStatement.java:119)
	at org.apache.commons.dbcp.DelegatingPreparedStatement.executeQuery(DelegatingPreparedStatement.java:96)
	at org.apache.commons.dbcp.DelegatingPreparedStatement.executeQuery(DelegatingPreparedStatement.java:96)
	at org.hibernate.engine.jdbc.internal.ResultSetReturnImpl.extract(ResultSetReturnImpl.java:80)
	... 69 more
</error>
    <system-out>DEBUG: org.springframework.test.annotation.ProfileValueUtils - Retrieved @ProfileValueSourceConfiguration [null] for test class [com.invoice.test.InvoiceServiceImplTest]
DEBUG: org.springframework.test.annotation.ProfileValueUtils - Retrieved ProfileValueSource type [class org.springframework.test.annotation.SystemProfileValueSource] for class [com.invoice.test.InvoiceServiceImplTest]
DEBUG: org.springframework.test.context.support.DependencyInjectionTestExecutionListener - Performing dependency injection for test context [[DefaultTestContext@6fc6f14e testClass = InvoiceServiceImplTest, testInstance = com.invoice.test.InvoiceServiceImplTest@70242f38, testMethod = [null], testException = [null], mergedContextConfiguration = [MergedContextConfiguration@56235b8e testClass = InvoiceServiceImplTest, locations = &apos;{file:src/main/webapp/WEB-INF/spring/appServlet/servlet-context.xml}&apos;, classes = &apos;{}&apos;, contextInitializerClasses = &apos;[]&apos;, activeProfiles = &apos;{}&apos;, propertySourceLocations = &apos;{}&apos;, propertySourceProperties = &apos;{}&apos;, contextCustomizers = set[[empty]], contextLoader = &apos;org.springframework.test.context.support.DelegatingSmartContextLoader&apos;, parent = [null]]]].
DEBUG: org.springframework.test.context.cache.DefaultCacheAwareContextLoaderDelegate - Retrieved ApplicationContext from cache with key [[MergedContextConfiguration@56235b8e testClass = InvoiceServiceImplTest, locations = &apos;{file:src/main/webapp/WEB-INF/spring/appServlet/servlet-context.xml}&apos;, classes = &apos;{}&apos;, contextInitializerClasses = &apos;[]&apos;, activeProfiles = &apos;{}&apos;, propertySourceLocations = &apos;{}&apos;, propertySourceProperties = &apos;{}&apos;, contextCustomizers = set[[empty]], contextLoader = &apos;org.springframework.test.context.support.DelegatingSmartContextLoader&apos;, parent = [null]]]
DEBUG: org.springframework.test.context.cache - Spring test ApplicationContext cache statistics: [DefaultContextCache@41a6d121 size = 1, maxSize = 32, parentContextCount = 0, hitCount = 2, missCount = 1]
DEBUG: org.springframework.test.context.support.AbstractDirtiesContextTestExecutionListener - Before test method: context [DefaultTestContext@6fc6f14e testClass = InvoiceServiceImplTest, testInstance = com.invoice.test.InvoiceServiceImplTest@70242f38, testMethod = testFindInvoice@InvoiceServiceImplTest, testException = [null], mergedContextConfiguration = [MergedContextConfiguration@56235b8e testClass = InvoiceServiceImplTest, locations = &apos;{file:src/main/webapp/WEB-INF/spring/appServlet/servlet-context.xml}&apos;, classes = &apos;{}&apos;, contextInitializerClasses = &apos;[]&apos;, activeProfiles = &apos;{}&apos;, propertySourceLocations = &apos;{}&apos;, propertySourceProperties = &apos;{}&apos;, contextCustomizers = set[[empty]], contextLoader = &apos;org.springframework.test.context.support.DelegatingSmartContextLoader&apos;, parent = [null]]], class annotated with @DirtiesContext [false] with mode [null], method annotated with @DirtiesContext [false] with mode [null].
DEBUG: org.springframework.transaction.annotation.AnnotationTransactionAttributeSource - Adding transactional method &apos;InvoiceServiceImpl.findInvoice&apos; with attribute: PROPAGATION_REQUIRED,ISOLATION_DEFAULT; &apos;&apos;
DEBUG: org.springframework.orm.hibernate4.HibernateTransactionManager - Creating new transaction with name [com.invoice.service.InvoiceServiceImpl.findInvoice]: PROPAGATION_REQUIRED,ISOLATION_DEFAULT; &apos;&apos;
DEBUG: org.springframework.orm.hibernate4.HibernateTransactionManager - Opened new Session [SessionImpl(PersistenceContext[entityKeys=[],collectionKeys=[]];ActionQueue[insertions=org.hibernate.engine.spi.ExecutableList@2a22ad2b updates=org.hibernate.engine.spi.ExecutableList@48c3205a deletions=org.hibernate.engine.spi.ExecutableList@121c54fa orphanRemovals=org.hibernate.engine.spi.ExecutableList@4390f46e collectionCreations=org.hibernate.engine.spi.ExecutableList@7c6442c2 collectionRemovals=org.hibernate.engine.spi.ExecutableList@2d746ce4 collectionUpdates=org.hibernate.engine.spi.ExecutableList@5dbf5634 collectionQueuedOps=org.hibernate.engine.spi.ExecutableList@1948ea69 unresolvedInsertDependencies=UnresolvedEntityInsertActions[]])] for Hibernate transaction
DEBUG: org.springframework.orm.hibernate4.HibernateTransactionManager - Preparing JDBC Connection of Hibernate Session [SessionImpl(PersistenceContext[entityKeys=[],collectionKeys=[]];ActionQueue[insertions=org.hibernate.engine.spi.ExecutableList@2a22ad2b updates=org.hibernate.engine.spi.ExecutableList@48c3205a deletions=org.hibernate.engine.spi.ExecutableList@121c54fa orphanRemovals=org.hibernate.engine.spi.ExecutableList@4390f46e collectionCreations=org.hibernate.engine.spi.ExecutableList@7c6442c2 collectionRemovals=org.hibernate.engine.spi.ExecutableList@2d746ce4 collectionUpdates=org.hibernate.engine.spi.ExecutableList@5dbf5634 collectionQueuedOps=org.hibernate.engine.spi.ExecutableList@1948ea69 unresolvedInsertDependencies=UnresolvedEntityInsertActions[]])]
DEBUG: org.springframework.orm.hibernate4.HibernateTransactionManager - Exposing Hibernate transaction as JDBC transaction [jdbc:postgresql://localhost:5432/invoiceDB, UserName=postgres, PostgreSQL Native Driver]
Hibernate: select invoice0_.id as id1_0_0_, invoice0_.amount as amount2_0_0_, invoice0_.collectedOrSupplied as collecte3_0_0_, invoice0_.date as date4_0_0_, invoice0_.fee as fee5_0_0_, invoice0_.gst as gst6_0_0_, invoice0_.sum as sum7_0_0_, invoice0_.type as type8_0_0_, invoice0_.user as user9_0_0_ from INVOICE invoice0_ where invoice0_.id=?
WARN : org.hibernate.engine.jdbc.spi.SqlExceptionHelper - SQL Error: 0, SQLState: 42P01
ERROR: org.hibernate.engine.jdbc.spi.SqlExceptionHelper - ERROR: relation &quot;invoice&quot; does not exist
  Position: 295
INFO : org.hibernate.event.internal.DefaultLoadEventListener - HHH000327: Error performing load command : org.hibernate.exception.SQLGrammarException: could not extract ResultSet
DEBUG: org.springframework.orm.hibernate4.HibernateTransactionManager - Initiating transaction rollback
DEBUG: org.springframework.orm.hibernate4.HibernateTransactionManager - Rolling back Hibernate transaction on Session [SessionImpl(PersistenceContext[entityKeys=[],collectionKeys=[]];ActionQueue[insertions=org.hibernate.engine.spi.ExecutableList@2a22ad2b updates=org.hibernate.engine.spi.ExecutableList@48c3205a deletions=org.hibernate.engine.spi.ExecutableList@121c54fa orphanRemovals=org.hibernate.engine.spi.ExecutableList@4390f46e collectionCreations=org.hibernate.engine.spi.ExecutableList@7c6442c2 collectionRemovals=org.hibernate.engine.spi.ExecutableList@2d746ce4 collectionUpdates=org.hibernate.engine.spi.ExecutableList@5dbf5634 collectionQueuedOps=org.hibernate.engine.spi.ExecutableList@1948ea69 unresolvedInsertDependencies=UnresolvedEntityInsertActions[]])]
DEBUG: org.springframework.orm.hibernate4.HibernateTransactionManager - Closing Hibernate Session [SessionImpl(PersistenceContext[entityKeys=[],collectionKeys=[]];ActionQueue[insertions=org.hibernate.engine.spi.ExecutableList@2a22ad2b updates=org.hibernate.engine.spi.ExecutableList@48c3205a deletions=org.hibernate.engine.spi.ExecutableList@121c54fa orphanRemovals=org.hibernate.engine.spi.ExecutableList@4390f46e collectionCreations=org.hibernate.engine.spi.ExecutableList@7c6442c2 collectionRemovals=org.hibernate.engine.spi.ExecutableList@2d746ce4 collectionUpdates=org.hibernate.engine.spi.ExecutableList@5dbf5634 collectionQueuedOps=org.hibernate.engine.spi.ExecutableList@1948ea69 unresolvedInsertDependencies=UnresolvedEntityInsertActions[]])] after transaction
DEBUG: org.springframework.test.context.support.AbstractDirtiesContextTestExecutionListener - After test method: context [DefaultTestContext@6fc6f14e testClass = InvoiceServiceImplTest, testInstance = com.invoice.test.InvoiceServiceImplTest@70242f38, testMethod = testFindInvoice@InvoiceServiceImplTest, testException = org.hibernate.exception.SQLGrammarException: could not extract ResultSet, mergedContextConfiguration = [MergedContextConfiguration@56235b8e testClass = InvoiceServiceImplTest, locations = &apos;{file:src/main/webapp/WEB-INF/spring/appServlet/servlet-context.xml}&apos;, classes = &apos;{}&apos;, contextInitializerClasses = &apos;[]&apos;, activeProfiles = &apos;{}&apos;, propertySourceLocations = &apos;{}&apos;, propertySourceProperties = &apos;{}&apos;, contextCustomizers = set[[empty]], contextLoader = &apos;org.springframework.test.context.support.DelegatingSmartContextLoader&apos;, parent = [null]]], class annotated with @DirtiesContext [false] with mode [null], method annotated with @DirtiesContext [false] with mode [null].
</system-out>
  </testcase>
</testsuite>